extDB2: Version: 71
extDB2: https://github.com/Torndeco/extDB2
extDB2: Windows Version
Message: All development for extDB2 is done on a Linux Dedicated Server
Message: If you would like to Donate to extDB2 Development
Message: https://www.paypal.com/cgi-bin/webscr?cmd=_s-xclick&hosted_button_id=2SUEFTGABTAM2
Message: Also leave a message if there is any particular feature you would like to see added.
Message: Thanks for all the people that have donated.
Message: Torndeco: 20/02/15


extDB2: Found extdb-conf.ini
extDB2: Detected 8 Cores, Setting up 6 Worker Threads


[23:00:29:791870 +02:00] [Thread 7020] extDB2: Database Type: MySQL
[23:00:29:794737 +02:00] [Thread 7020] extDB2: Database Session Pool Started
[23:00:29:801308 +02:00] [Thread 7020] extDB2: SQL_RAW_V2: Initialized: ADD_QUOTES True
[23:00:29:834039 +02:00] [Thread 24632] extDB2: SQL_RAW_V2: Error StatementException: MySQL: [MySQL]: [Comment]: mysql_stmt_execute error	[mysql_stmt_error]: The user specified as a definer ('arma3'@'localhost') does not exist	[mysql_stmt_errno]: 1449	[mysql_stmt_sqlstate]: HY000	[statemnt]: CALL deleteOldGangs
[23:00:29:834044 +02:00] [Thread 24524] extDB2: SQL_RAW_V2: Error StatementException: MySQL: [MySQL]: [Comment]: mysql_stmt_execute error	[mysql_stmt_error]: The user specified as a definer ('arma3'@'localhost') does not exist	[mysql_stmt_errno]: 1449	[mysql_stmt_sqlstate]: HY000	[statemnt]: CALL deleteDeadVehicles
[23:00:29:834063 +02:00] [Thread 24624] extDB2: SQL_RAW_V2: Error StatementException: MySQL: [MySQL]: [Comment]: mysql_stmt_execute error	[mysql_stmt_error]: The user specified as a definer ('arma3'@'localhost') does not exist	[mysql_stmt_errno]: 1449	[mysql_stmt_sqlstate]: HY000	[statemnt]: CALL deleteOldHouses
[23:00:29:834070 +02:00] [Thread 6756] extDB2: SQL_RAW_V2: Error StatementException: MySQL: [MySQL]: [Comment]: mysql_stmt_execute error	[mysql_stmt_error]: The user specified as a definer ('arma3'@'localhost') does not exist	[mysql_stmt_errno]: 1449	[mysql_stmt_sqlstate]: HY000	[statemnt]: CALL resetLifeVehicles
[23:00:29:834093 +02:00] [Thread 24632] extDB2: SQL_RAW_V2: Error StatementException: SQL: CALL deleteOldGangs
[23:00:29:834111 +02:00] [Thread 24524] extDB2: SQL_RAW_V2: Error StatementException: SQL: CALL deleteDeadVehicles
[23:00:29:834125 +02:00] [Thread 24624] extDB2: SQL_RAW_V2: Error StatementException: SQL: CALL deleteOldHouses
[23:00:29:834136 +02:00] [Thread 6756] extDB2: SQL_RAW_V2: Error StatementException: SQL: CALL resetLifeVehicles
[23:05:52:032855 +02:00] [Thread 7020] extDB2: Stopping ...
