extDB2: Version: 71
extDB2: https://github.com/Torndeco/extDB2
extDB2: Windows Version
Message: All development for extDB2 is done on a Linux Dedicated Server
Message: If you would like to Donate to extDB2 Development
Message: https://www.paypal.com/cgi-bin/webscr?cmd=_s-xclick&hosted_button_id=2SUEFTGABTAM2
Message: Also leave a message if there is any particular feature you would like to see added.
Message: Thanks for all the people that have donated.
Message: Torndeco: 20/02/15


extDB2: Found extdb-conf.ini
extDB2: Detected 8 Cores, Setting up 6 Worker Threads


[23:23:33:959110 +02:00] [Thread 46496] extDB2: Database Type: MySQL
[23:23:34:031500 +02:00] [Thread 46496] extDB2: Database Session Pool Started
[23:23:34:096132 +02:00] [Thread 46496] extDB2: SQL_RAW_V2: Initialized: ADD_QUOTES True
[23:23:34:356891 +02:00] [Thread 36788] extDB2: SQL_RAW_V2: Error StatementException: MySQL: [MySQL]: [Comment]: mysql_stmt_execute error	[mysql_stmt_error]: The user specified as a definer ('arma3'@'localhost') does not exist	[mysql_stmt_errno]: 1449	[mysql_stmt_sqlstate]: HY000	[statemnt]: CALL deleteOldGangs
[23:23:34:356895 +02:00] [Thread 36452] extDB2: SQL_RAW_V2: Error StatementException: MySQL: [MySQL]: [Comment]: mysql_stmt_execute error	[mysql_stmt_error]: The user specified as a definer ('arma3'@'localhost') does not exist	[mysql_stmt_errno]: 1449	[mysql_stmt_sqlstate]: HY000	[statemnt]: CALL deleteOldHouses
[23:23:34:356897 +02:00] [Thread 46364] extDB2: SQL_RAW_V2: Error StatementException: MySQL: [MySQL]: [Comment]: mysql_stmt_execute error	[mysql_stmt_error]: The user specified as a definer ('arma3'@'localhost') does not exist	[mysql_stmt_errno]: 1449	[mysql_stmt_sqlstate]: HY000	[statemnt]: CALL deleteDeadVehicles
[23:23:34:356926 +02:00] [Thread 46772] extDB2: SQL_RAW_V2: Error StatementException: MySQL: [MySQL]: [Comment]: mysql_stmt_execute error	[mysql_stmt_error]: The user specified as a definer ('arma3'@'localhost') does not exist	[mysql_stmt_errno]: 1449	[mysql_stmt_sqlstate]: HY000	[statemnt]: CALL resetLifeVehicles
[23:23:34:356935 +02:00] [Thread 36788] extDB2: SQL_RAW_V2: Error StatementException: SQL: CALL deleteOldGangs
[23:23:34:356952 +02:00] [Thread 36452] extDB2: SQL_RAW_V2: Error StatementException: SQL: CALL deleteOldHouses
[23:23:34:356966 +02:00] [Thread 46364] extDB2: SQL_RAW_V2: Error StatementException: SQL: CALL deleteDeadVehicles
[23:23:34:356978 +02:00] [Thread 46772] extDB2: SQL_RAW_V2: Error StatementException: SQL: CALL resetLifeVehicles
[23:56:47:349926 +02:00] [Thread 46496] extDB2: Stopping ...
