extDB2: Version: 71
extDB2: https://github.com/Torndeco/extDB2
extDB2: Windows Version
Message: All development for extDB2 is done on a Linux Dedicated Server
Message: If you would like to Donate to extDB2 Development
Message: https://www.paypal.com/cgi-bin/webscr?cmd=_s-xclick&hosted_button_id=2SUEFTGABTAM2
Message: Also leave a message if there is any particular feature you would like to see added.
Message: Thanks for all the people that have donated.
Message: Torndeco: 20/02/15


extDB2: Found extdb-conf.ini
extDB2: Detected 8 Cores, Setting up 6 Worker Threads


[01:17:20:384278 +02:00] [Thread 22292] extDB2: Database Type: MySQL
[01:17:20:435419 +02:00] [Thread 22292] extDB2: Database Session Pool Started
[01:17:20:441473 +02:00] [Thread 22292] extDB2: SQL_RAW_V2: Initialized: ADD_QUOTES True
[01:17:20:443463 +02:00] [Thread 18532] extDB2: SQL_RAW_V2: Error StatementException: MySQL: [MySQL]: [Comment]: mysql_stmt_execute error	[mysql_stmt_error]: The user specified as a definer ('arma3'@'localhost') does not exist	[mysql_stmt_errno]: 1449	[mysql_stmt_sqlstate]: HY000	[statemnt]: CALL deleteDeadVehicles
[01:17:20:443497 +02:00] [Thread 18532] extDB2: SQL_RAW_V2: Error StatementException: SQL: CALL deleteDeadVehicles
[01:17:20:444342 +02:00] [Thread 14260] extDB2: SQL_RAW_V2: Error StatementException: MySQL: [MySQL]: [Comment]: mysql_stmt_execute error	[mysql_stmt_error]: The user specified as a definer ('arma3'@'localhost') does not exist	[mysql_stmt_errno]: 1449	[mysql_stmt_sqlstate]: HY000	[statemnt]: CALL deleteOldGangs
[01:17:20:444369 +02:00] [Thread 14260] extDB2: SQL_RAW_V2: Error StatementException: SQL: CALL deleteOldGangs
[01:17:20:444353 +02:00] [Thread 46844] extDB2: SQL_RAW_V2: Error StatementException: MySQL: [MySQL]: [Comment]: mysql_stmt_execute error	[mysql_stmt_error]: The user specified as a definer ('arma3'@'localhost') does not exist	[mysql_stmt_errno]: 1449	[mysql_stmt_sqlstate]: HY000	[statemnt]: CALL deleteOldHouses
[01:17:20:444401 +02:00] [Thread 46844] extDB2: SQL_RAW_V2: Error StatementException: SQL: CALL deleteOldHouses
[01:33:22:167683 +02:00] [Thread 22292] extDB2: Stopping ...
