extDB2: Version: 71
extDB2: https://github.com/Torndeco/extDB2
extDB2: Windows Version
Message: All development for extDB2 is done on a Linux Dedicated Server
Message: If you would like to Donate to extDB2 Development
Message: https://www.paypal.com/cgi-bin/webscr?cmd=_s-xclick&hosted_button_id=2SUEFTGABTAM2
Message: Also leave a message if there is any particular feature you would like to see added.
Message: Thanks for all the people that have donated.
Message: Torndeco: 20/02/15


extDB2: Found extdb-conf.ini
extDB2: Detected 8 Cores, Setting up 6 Worker Threads


[01:34:45:088385 +02:00] [Thread 48336] extDB2: Database Type: MySQL
[01:34:45:109751 +02:00] [Thread 48336] extDB2: Database Session Pool Started
[01:34:45:110259 +02:00] [Thread 48336] extDB2: SQL_RAW_V2: Initialized: ADD_QUOTES True
[01:34:45:112442 +02:00] [Thread 17404] extDB2: SQL_RAW_V2: Error StatementException: MySQL: [MySQL]: [Comment]: mysql_stmt_execute error	[mysql_stmt_error]: The user specified as a definer ('arma3'@'localhost') does not exist	[mysql_stmt_errno]: 1449	[mysql_stmt_sqlstate]: HY000	[statemnt]: CALL deleteDeadVehicles
[01:34:45:112451 +02:00] [Thread 44460] extDB2: SQL_RAW_V2: Error StatementException: MySQL: [MySQL]: [Comment]: mysql_stmt_execute error	[mysql_stmt_error]: The user specified as a definer ('arma3'@'localhost') does not exist	[mysql_stmt_errno]: 1449	[mysql_stmt_sqlstate]: HY000	[statemnt]: CALL deleteOldHouses
[01:34:45:112485 +02:00] [Thread 44460] extDB2: SQL_RAW_V2: Error StatementException: SQL: CALL deleteOldHouses
[01:34:45:112465 +02:00] [Thread 17404] extDB2: SQL_RAW_V2: Error StatementException: SQL: CALL deleteDeadVehicles
[01:34:45:112806 +02:00] [Thread 47564] extDB2: SQL_RAW_V2: Error StatementException: MySQL: [MySQL]: [Comment]: mysql_stmt_execute error	[mysql_stmt_error]: The user specified as a definer ('arma3'@'localhost') does not exist	[mysql_stmt_errno]: 1449	[mysql_stmt_sqlstate]: HY000	[statemnt]: CALL deleteOldGangs
[01:34:45:112820 +02:00] [Thread 47564] extDB2: SQL_RAW_V2: Error StatementException: SQL: CALL deleteOldGangs
[01:44:38:616786 +02:00] [Thread 48336] extDB2: Stopping ...
